"[2022/10/06 08:15:00 ] [INFO  ] [main                     ] [org.apache.catalina.core.ContainerBase.[Tomcat].[localhost].[/]] - Initializing Spring embedded WebApplicationContext 
""[2022/10/06 08:15:00 ] [INFO  ] [main                     ] [org.springframework.boot.web.servlet.context.ServletWebServerApplicationContext] - Root WebApplicationContext: initialization completed in 942 ms 
""[2022/10/06 08:15:00 ] [INFO  ] [main                     ] [com.zaxxer.hikari.HikariDataSource                ] - HikariPool-1 - Starting... 
""[2022/10/06 08:15:00 ] [INFO  ] [main                     ] [com.zaxxer.hikari.HikariDataSource                ] - HikariPool-1 - Start completed. 
""[2022/10/06 08:15:00 ] [INFO  ] [main                     ] [org.springframework.boot.autoconfigure.h2.H2ConsoleAutoConfiguration] - H2 console available at '/h2-ui'. Database available at 'jdbc:h2:mem:Locationdb' 
""[2022/10/06 08:15:00 ] [INFO  ] [main                     ] [org.hibernate.jpa.internal.util.LogHelper         ] - HHH000204: Processing PersistenceUnitInfo [name: default] 
""[2022/10/06 08:15:00 ] [INFO  ] [main                     ] [org.hibernate.Version                             ] - HHH000412: Hibernate ORM core version 5.6.11.Final 
""[2022/10/06 08:15:00 ] [INFO  ] [main                     ] [org.hibernate.annotations.common.Version          ] - HCANN000001: Hibernate Commons Annotations {5.1.2.Final} 
""[2022/10/06 08:15:00 ] [INFO  ] [main                     ] [org.hibernate.dialect.Dialect                     ] - HHH000400: Using dialect: org.hibernate.dialect.H2Dialect 
""[2022/10/06 08:15:01 ] [INFO  ] [main                     ] [org.hibernate.engine.transaction.jta.platform.internal.JtaPlatformInitiator] - HHH000490: Using JtaPlatform implementation: [org.hibernate.engine.transaction.jta.platform.internal.NoJtaPlatform] 
""[2022/10/06 08:15:01 ] [INFO  ] [main                     ] [org.springframework.orm.jpa.LocalContainerEntityManagerFactoryBean] - Initialized JPA EntityManagerFactory for persistence unit 'default' 
""[2022/10/06 08:15:01 ] [INFO  ] [main                     ] [org.apache.coyote.http11.Http11NioProtocol        ] - Starting ProtocolHandler ["http-nio-8080"] 
""[2022/10/06 08:15:01 ] [INFO  ] [main                     ] [org.springframework.boot.web.embedded.tomcat.TomcatWebServer] - Tomcat started on port(s): 8080 (http) with context path '' 
""[2022/10/06 08:15:01 ] [INFO  ] [main                     ] [com.example.demo.DemoApplication                  ] - Started DemoApplication in 2.777 seconds (JVM running for 3.444) 
""[2022/10/06 08:15:05 ] [INFO  ] [RMI TCP Connection(2)-127] [org.springframework.boot.admin.SpringApplicationAdminMXBeanRegistrar$SpringApplicationAdmin] - Application shutdown requested. 
""[2022/10/06 08:15:05 ] [INFO  ] [RMI TCP Connection(2)-127] [org.apache.coyote.http11.Http11NioProtocol        ] - Pausing ProtocolHandler ["http-nio-8080"] 
""[2022/10/06 08:15:05 ] [INFO  ] [RMI TCP Connection(2)-127] [org.apache.catalina.core.StandardService          ] - Stopping service [Tomcat] 
""[2022/10/06 08:15:05 ] [WARN  ] [RMI TCP Connection(2)-127] [org.apache.catalina.loader.WebappClassLoaderBase  ] - The web application [ROOT] appears to have started a thread named [logback-1] but has failed to stop it. This is very likely to create a memory leak. Stack trace of thread:
 java.base@17.0.3/jdk.internal.misc.Unsafe.park(Native Method)
 java.base@17.0.3/java.util.concurrent.locks.LockSupport.park(LockSupport.java:341)
 java.base@17.0.3/java.util.concurrent.locks.AbstractQueuedSynchronizer$ConditionNode.block(AbstractQueuedSynchronizer.java:506)
 java.base@17.0.3/java.util.concurrent.ForkJoinPool.unmanagedBlock(ForkJoinPool.java:3463)
 java.base@17.0.3/java.util.concurrent.ForkJoinPool.managedBlock(ForkJoinPool.java:3434)
 java.base@17.0.3/java.util.concurrent.locks.AbstractQueuedSynchronizer$ConditionObject.await(AbstractQueuedSynchronizer.java:1623)
 java.base@17.0.3/java.util.concurrent.ScheduledThreadPoolExecutor$DelayedWorkQueue.take(ScheduledThreadPoolExecutor.java:1170)
 java.base@17.0.3/java.util.concurrent.ScheduledThreadPoolExecutor$DelayedWorkQueue.take(ScheduledThreadPoolExecutor.java:899)
 java.base@17.0.3/java.util.concurrent.ThreadPoolExecutor.getTask(ThreadPoolExecutor.java:1062)
 java.base@17.0.3/java.util.concurrent.ThreadPoolExecutor.runWorker(ThreadPoolExecutor.java:1122)
 java.base@17.0.3/java.util.concurrent.ThreadPoolExecutor$Worker.run(ThreadPoolExecutor.java:635)
 java.base@17.0.3/java.lang.Thread.run(Thread.java:833) 
""[2022/10/06 08:15:05 ] [INFO  ] [RMI TCP Connection(2)-127] [org.apache.coyote.http11.Http11NioProtocol        ] - Stopping ProtocolHandler ["http-nio-8080"] 
""[2022/10/06 08:15:05 ] [INFO  ] [RMI TCP Connection(2)-127] [org.apache.coyote.http11.Http11NioProtocol        ] - Destroying ProtocolHandler ["http-nio-8080"] 
""[2022/10/06 08:15:05 ] [INFO  ] [RMI TCP Connection(2)-127] [org.springframework.orm.jpa.LocalContainerEntityManagerFactoryBean] - Closing JPA EntityManagerFactory for persistence unit 'default' 
""[2022/10/06 08:15:05 ] [INFO  ] [RMI TCP Connection(2)-127] [com.zaxxer.hikari.HikariDataSource                ] - HikariPool-1 - Shutdown initiated... 
""[2022/10/06 08:15:05 ] [INFO  ] [RMI TCP Connection(2)-127] [com.zaxxer.hikari.HikariDataSource                ] - HikariPool-1 - Shutdown completed. 
"[2022/10/06 08:15:26 ] [INFO  ] [main                     ] [com.example.demo.DemoApplication                  ] - Starting DemoApplication using Java 17.0.3 on gurkanguldas-laptop with PID 45692 (D:\demo\demo\target\classes started by gurkan in D:\demo\demo) 
[2022/10/06 08:15:26 ] [INFO  ] [main                     ] [com.example.demo.DemoApplication                  ] - No active profile set, falling back to 1 default profile: "default" 
[2022/10/06 08:15:27 ] [INFO  ] [main                     ] [org.springframework.data.repository.config.RepositoryConfigurationDelegate] - Bootstrapping Spring Data JPA repositories in DEFAULT mode. 
[2022/10/06 08:15:27 ] [INFO  ] [main                     ] [org.springframework.data.repository.config.RepositoryConfigurationDelegate] - Finished Spring Data repository scanning in 33 ms. Found 1 JPA repository interfaces. 
[2022/10/06 08:15:27 ] [INFO  ] [main                     ] [org.springframework.boot.web.embedded.tomcat.TomcatWebServer] - Tomcat initialized with port(s): 8080 (http) 
[2022/10/06 08:15:27 ] [INFO  ] [main                     ] [org.apache.coyote.http11.Http11NioProtocol        ] - Initializing ProtocolHandler ["http-nio-8080"] 
[2022/10/06 08:15:27 ] [INFO  ] [main                     ] [org.apache.catalina.core.StandardService          ] - Starting service [Tomcat] 
[2022/10/06 08:15:27 ] [INFO  ] [main                     ] [org.apache.catalina.core.StandardEngine           ] - Starting Servlet engine: [Apache Tomcat/9.0.65] 
[2022/10/06 08:15:27 ] [INFO  ] [main                     ] [org.apache.catalina.core.ContainerBase.[Tomcat].[localhost].[/]] - Initializing Spring embedded WebApplicationContext 
[2022/10/06 08:15:27 ] [INFO  ] [main                     ] [org.springframework.boot.web.servlet.context.ServletWebServerApplicationContext] - Root WebApplicationContext: initialization completed in 940 ms 
[2022/10/06 08:15:27 ] [INFO  ] [main                     ] [com.zaxxer.hikari.HikariDataSource                ] - HikariPool-1 - Starting... 
[2022/10/06 08:15:28 ] [INFO  ] [main                     ] [com.zaxxer.hikari.HikariDataSource                ] - HikariPool-1 - Start completed. 
[2022/10/06 08:15:28 ] [INFO  ] [main                     ] [org.springframework.boot.autoconfigure.h2.H2ConsoleAutoConfiguration] - H2 console available at '/h2-ui'. Database available at 'jdbc:h2:mem:Locationdb' 
[2022/10/06 08:15:28 ] [INFO  ] [main                     ] [org.hibernate.jpa.internal.util.LogHelper         ] - HHH000204: Processing PersistenceUnitInfo [name: default] 
[2022/10/06 08:15:28 ] [INFO  ] [main                     ] [org.hibernate.Version                             ] - HHH000412: Hibernate ORM core version 5.6.11.Final 
[2022/10/06 08:15:28 ] [INFO  ] [main                     ] [org.hibernate.annotations.common.Version          ] - HCANN000001: Hibernate Commons Annotations {5.1.2.Final} 
[2022/10/06 08:15:28 ] [INFO  ] [main                     ] [org.hibernate.dialect.Dialect                     ] - HHH000400: Using dialect: org.hibernate.dialect.H2Dialect 
[2022/10/06 08:15:28 ] [INFO  ] [main                     ] [org.hibernate.engine.transaction.jta.platform.internal.JtaPlatformInitiator] - HHH000490: Using JtaPlatform implementation: [org.hibernate.engine.transaction.jta.platform.internal.NoJtaPlatform] 
[2022/10/06 08:15:28 ] [INFO  ] [main                     ] [org.springframework.orm.jpa.LocalContainerEntityManagerFactoryBean] - Initialized JPA EntityManagerFactory for persistence unit 'default' 
[2022/10/06 08:15:29 ] [INFO  ] [main                     ] [org.apache.coyote.http11.Http11NioProtocol        ] - Starting ProtocolHandler ["http-nio-8080"] 
[2022/10/06 08:15:29 ] [INFO  ] [main                     ] [org.springframework.boot.web.embedded.tomcat.TomcatWebServer] - Tomcat started on port(s): 8080 (http) with context path '' 
[2022/10/06 08:15:29 ] [INFO  ] [main                     ] [com.example.demo.DemoApplication                  ] - Started DemoApplication in 2.956 seconds (JVM running for 3.661) 
[2022/10/06 08:15:56 ] [INFO  ] [RMI TCP Connection(2)-127] [org.springframework.boot.admin.SpringApplicationAdminMXBeanRegistrar$SpringApplicationAdmin] - Application shutdown requested. 
[2022/10/06 08:15:56 ] [INFO  ] [RMI TCP Connection(2)-127] [org.apache.coyote.http11.Http11NioProtocol        ] - Pausing ProtocolHandler ["http-nio-8080"] 
[2022/10/06 08:15:56 ] [INFO  ] [RMI TCP Connection(2)-127] [org.apache.catalina.core.StandardService          ] - Stopping service [Tomcat] 
[2022/10/06 08:15:56 ] [INFO  ] [RMI TCP Connection(2)-127] [org.apache.coyote.http11.Http11NioProtocol        ] - Stopping ProtocolHandler ["http-nio-8080"] 
[2022/10/06 08:15:56 ] [INFO  ] [RMI TCP Connection(2)-127] [org.apache.coyote.http11.Http11NioProtocol        ] - Destroying ProtocolHandler ["http-nio-8080"] 
[2022/10/06 08:15:56 ] [INFO  ] [RMI TCP Connection(2)-127] [org.springframework.orm.jpa.LocalContainerEntityManagerFactoryBean] - Closing JPA EntityManagerFactory for persistence unit 'default' 
[2022/10/06 08:15:56 ] [INFO  ] [RMI TCP Connection(2)-127] [com.zaxxer.hikari.HikariDataSource                ] - HikariPool-1 - Shutdown initiated... 
[2022/10/06 08:15:56 ] [INFO  ] [RMI TCP Connection(2)-127] [com.zaxxer.hikari.HikariDataSource                ] - HikariPool-1 - Shutdown completed. 
