[2022/10/07 21:04:24 ] [INFO  ] [main                     ] [com.example.demo.DemoApplication                  ] - Starting DemoApplication using Java 17.0.4.1 on TRDGLD3J3 with PID 25268 (C:\Users\orhana\Desktop\demo1\FindPlaces\FindPlaces\target\classes started by orhana in C:\Users\orhana\Desktop\demo1\FindPlaces\FindPlaces) 
[2022/10/07 21:04:24 ] [INFO  ] [main                     ] [com.example.demo.DemoApplication                  ] - No active profile set, falling back to 1 default profile: "default" 
[2022/10/07 21:04:25 ] [INFO  ] [main                     ] [org.springframework.data.repository.config.RepositoryConfigurationDelegate] - Bootstrapping Spring Data JPA repositories in DEFAULT mode. 
[2022/10/07 21:04:26 ] [INFO  ] [main                     ] [org.springframework.data.repository.config.RepositoryConfigurationDelegate] - Finished Spring Data repository scanning in 60 ms. Found 1 JPA repository interfaces. 
[2022/10/07 21:04:26 ] [INFO  ] [main                     ] [org.springframework.boot.web.embedded.tomcat.TomcatWebServer] - Tomcat initialized with port(s): 8070 (http) 
[2022/10/07 21:04:26 ] [INFO  ] [main                     ] [org.apache.coyote.http11.Http11NioProtocol        ] - Initializing ProtocolHandler ["http-nio-8070"] 
[2022/10/07 21:04:26 ] [INFO  ] [main                     ] [org.apache.catalina.core.StandardService          ] - Starting service [Tomcat] 
[2022/10/07 21:04:26 ] [INFO  ] [main                     ] [org.apache.catalina.core.StandardEngine           ] - Starting Servlet engine: [Apache Tomcat/9.0.65] 
[2022/10/07 21:04:27 ] [INFO  ] [main                     ] [org.apache.catalina.core.ContainerBase.[Tomcat].[localhost].[/]] - Initializing Spring embedded WebApplicationContext 
[2022/10/07 21:04:27 ] [INFO  ] [main                     ] [org.springframework.boot.web.servlet.context.ServletWebServerApplicationContext] - Root WebApplicationContext: initialization completed in 2102 ms 
[2022/10/07 21:04:27 ] [INFO  ] [main                     ] [com.zaxxer.hikari.HikariDataSource                ] - HikariPool-1 - Starting... 
[2022/10/07 21:04:27 ] [INFO  ] [main                     ] [com.zaxxer.hikari.HikariDataSource                ] - HikariPool-1 - Start completed. 
[2022/10/07 21:04:27 ] [INFO  ] [main                     ] [org.springframework.boot.autoconfigure.h2.H2ConsoleAutoConfiguration] - H2 console available at '/h2-ui'. Database available at 'jdbc:h2:mem:Locationdb' 
[2022/10/07 21:04:27 ] [INFO  ] [main                     ] [org.hibernate.jpa.internal.util.LogHelper         ] - HHH000204: Processing PersistenceUnitInfo [name: default] 
[2022/10/07 21:04:27 ] [INFO  ] [main                     ] [org.hibernate.Version                             ] - HHH000412: Hibernate ORM core version 5.6.11.Final 
[2022/10/07 21:04:27 ] [INFO  ] [main                     ] [org.hibernate.annotations.common.Version          ] - HCANN000001: Hibernate Commons Annotations {5.1.2.Final} 
[2022/10/07 21:04:27 ] [INFO  ] [main                     ] [org.hibernate.dialect.Dialect                     ] - HHH000400: Using dialect: org.hibernate.dialect.H2Dialect 
[2022/10/07 21:04:28 ] [INFO  ] [main                     ] [org.hibernate.engine.transaction.jta.platform.internal.JtaPlatformInitiator] - HHH000490: Using JtaPlatform implementation: [org.hibernate.engine.transaction.jta.platform.internal.NoJtaPlatform] 
[2022/10/07 21:04:28 ] [INFO  ] [main                     ] [org.springframework.orm.jpa.LocalContainerEntityManagerFactoryBean] - Initialized JPA EntityManagerFactory for persistence unit 'default' 
[2022/10/07 21:04:29 ] [INFO  ] [main                     ] [org.springframework.security.web.DefaultSecurityFilterChain] - Will secure any request with [org.springframework.security.web.session.DisableEncodeUrlFilter@4bc41565, org.springframework.security.web.context.request.async.WebAsyncManagerIntegrationFilter@8dedec8, org.springframework.security.web.context.SecurityContextPersistenceFilter@70cac22a, org.springframework.security.web.header.HeaderWriterFilter@2dfd157b, org.springframework.security.web.authentication.logout.LogoutFilter@9a37591, org.springframework.security.web.authentication.www.BasicAuthenticationFilter@5c03eb4e, org.springframework.security.web.savedrequest.RequestCacheAwareFilter@5862dda4, org.springframework.security.web.servletapi.SecurityContextHolderAwareRequestFilter@299ddfff, org.springframework.security.web.authentication.AnonymousAuthenticationFilter@226e95e9, org.springframework.security.web.session.SessionManagementFilter@2911db81, org.springframework.security.web.access.ExceptionTranslationFilter@7d2be319, org.springframework.security.web.access.intercept.FilterSecurityInterceptor@84becbe] 
[2022/10/07 21:04:30 ] [INFO  ] [main                     ] [org.apache.coyote.http11.Http11NioProtocol        ] - Starting ProtocolHandler ["http-nio-8070"] 
[2022/10/07 21:04:30 ] [INFO  ] [main                     ] [org.springframework.boot.web.embedded.tomcat.TomcatWebServer] - Tomcat started on port(s): 8070 (http) with context path '' 
[2022/10/07 21:04:30 ] [INFO  ] [main                     ] [com.example.demo.DemoApplication                  ] - Started DemoApplication in 6.393 seconds (JVM running for 7.12) 
[2022/10/07 21:04:35 ] [INFO  ] [http-nio-8070-exec-2     ] [org.apache.catalina.core.ContainerBase.[Tomcat].[localhost].[/]] - Initializing Spring DispatcherServlet 'dispatcherServlet' 
[2022/10/07 21:04:35 ] [INFO  ] [http-nio-8070-exec-2     ] [org.springframework.web.servlet.DispatcherServlet ] - Initializing Servlet 'dispatcherServlet' 
[2022/10/07 21:04:35 ] [INFO  ] [http-nio-8070-exec-2     ] [org.springframework.web.servlet.DispatcherServlet ] - Completed initialization in 1 ms 
[2022/10/07 21:04:35 ] [DEBUG ] [http-nio-8070-exec-2     ] [org.springframework.web.client.RestTemplate       ] - HTTP GET https://maps.googleapis.com/maps/api/place/nearbysearch/json?location=40.9468928,29.1274752&radius=1500&key=AIzaSyDEO88Kp_sPinbcTiJXrmmb089oLxtqC0E 
[2022/10/07 21:04:35 ] [DEBUG ] [http-nio-8070-exec-2     ] [org.springframework.web.client.RestTemplate       ] - Accept=[text/plain, application/json, application/*+json, */*] 
[2022/10/07 21:04:36 ] [DEBUG ] [http-nio-8070-exec-2     ] [org.springframework.web.client.RestTemplate       ] - Response 200 OK 
[2022/10/07 21:04:36 ] [DEBUG ] [http-nio-8070-exec-2     ] [org.springframework.web.client.RestTemplate       ] - Reading to [java.lang.String] as "application/json;charset=UTF-8" 
[2022/10/07 21:05:16 ] [INFO  ] [main                     ] [com.example.demo.DemoApplication                  ] - Starting DemoApplication using Java 17.0.4.1 on TRDGLD3J3 with PID 12684 (C:\Users\orhana\Desktop\demo1\FindPlaces\FindPlaces\target\classes started by orhana in C:\Users\orhana\Desktop\demo1\FindPlaces\FindPlaces) 
[2022/10/07 21:05:16 ] [INFO  ] [main                     ] [com.example.demo.DemoApplication                  ] - No active profile set, falling back to 1 default profile: "default" 
[2022/10/07 21:05:17 ] [INFO  ] [main                     ] [org.springframework.data.repository.config.RepositoryConfigurationDelegate] - Bootstrapping Spring Data JPA repositories in DEFAULT mode. 
[2022/10/07 21:05:17 ] [INFO  ] [main                     ] [org.springframework.data.repository.config.RepositoryConfigurationDelegate] - Finished Spring Data repository scanning in 58 ms. Found 1 JPA repository interfaces. 
[2022/10/07 21:05:18 ] [INFO  ] [main                     ] [org.springframework.boot.web.embedded.tomcat.TomcatWebServer] - Tomcat initialized with port(s): 8070 (http) 
[2022/10/07 21:05:18 ] [INFO  ] [main                     ] [org.apache.coyote.http11.Http11NioProtocol        ] - Initializing ProtocolHandler ["http-nio-8070"] 
[2022/10/07 21:05:18 ] [INFO  ] [main                     ] [org.apache.catalina.core.StandardService          ] - Starting service [Tomcat] 
[2022/10/07 21:05:18 ] [INFO  ] [main                     ] [org.apache.catalina.core.StandardEngine           ] - Starting Servlet engine: [Apache Tomcat/9.0.65] 
[2022/10/07 21:05:18 ] [INFO  ] [main                     ] [org.apache.catalina.core.ContainerBase.[Tomcat].[localhost].[/]] - Initializing Spring embedded WebApplicationContext 
[2022/10/07 21:05:18 ] [INFO  ] [main                     ] [org.springframework.boot.web.servlet.context.ServletWebServerApplicationContext] - Root WebApplicationContext: initialization completed in 1995 ms 
[2022/10/07 21:05:18 ] [INFO  ] [main                     ] [com.zaxxer.hikari.HikariDataSource                ] - HikariPool-1 - Starting... 
[2022/10/07 21:05:19 ] [INFO  ] [main                     ] [com.zaxxer.hikari.HikariDataSource                ] - HikariPool-1 - Start completed. 
[2022/10/07 21:05:19 ] [INFO  ] [main                     ] [org.springframework.boot.autoconfigure.h2.H2ConsoleAutoConfiguration] - H2 console available at '/h2-ui'. Database available at 'jdbc:h2:mem:Locationdb' 
[2022/10/07 21:05:19 ] [INFO  ] [main                     ] [org.hibernate.jpa.internal.util.LogHelper         ] - HHH000204: Processing PersistenceUnitInfo [name: default] 
[2022/10/07 21:05:19 ] [INFO  ] [main                     ] [org.hibernate.Version                             ] - HHH000412: Hibernate ORM core version 5.6.11.Final 
[2022/10/07 21:05:19 ] [INFO  ] [main                     ] [org.hibernate.annotations.common.Version          ] - HCANN000001: Hibernate Commons Annotations {5.1.2.Final} 
[2022/10/07 21:05:19 ] [INFO  ] [main                     ] [org.hibernate.dialect.Dialect                     ] - HHH000400: Using dialect: org.hibernate.dialect.H2Dialect 
[2022/10/07 21:05:20 ] [INFO  ] [main                     ] [org.hibernate.engine.transaction.jta.platform.internal.JtaPlatformInitiator] - HHH000490: Using JtaPlatform implementation: [org.hibernate.engine.transaction.jta.platform.internal.NoJtaPlatform] 
[2022/10/07 21:05:20 ] [INFO  ] [main                     ] [org.springframework.orm.jpa.LocalContainerEntityManagerFactoryBean] - Initialized JPA EntityManagerFactory for persistence unit 'default' 
[2022/10/07 21:05:21 ] [INFO  ] [main                     ] [org.springframework.security.web.DefaultSecurityFilterChain] - Will secure any request with [org.springframework.security.web.session.DisableEncodeUrlFilter@15a2fddd, org.springframework.security.web.context.request.async.WebAsyncManagerIntegrationFilter@452e2210, org.springframework.security.web.context.SecurityContextPersistenceFilter@5d84b088, org.springframework.security.web.header.HeaderWriterFilter@73a1a1b4, org.springframework.security.web.authentication.logout.LogoutFilter@2911db81, org.springframework.security.web.authentication.www.BasicAuthenticationFilter@6ed7c178, org.springframework.security.web.savedrequest.RequestCacheAwareFilter@220f6a3c, org.springframework.security.web.servletapi.SecurityContextHolderAwareRequestFilter@5eb041b5, org.springframework.security.web.authentication.AnonymousAuthenticationFilter@18c0f025, org.springframework.security.web.session.SessionManagementFilter@7c39193f, org.springframework.security.web.access.ExceptionTranslationFilter@55315a00, org.springframework.security.web.access.intercept.FilterSecurityInterceptor@7bad18f5] 
[2022/10/07 21:05:22 ] [INFO  ] [main                     ] [org.apache.coyote.http11.Http11NioProtocol        ] - Starting ProtocolHandler ["http-nio-8070"] 
[2022/10/07 21:05:22 ] [INFO  ] [main                     ] [org.springframework.boot.web.embedded.tomcat.TomcatWebServer] - Tomcat started on port(s): 8070 (http) with context path '' 
[2022/10/07 21:05:22 ] [INFO  ] [main                     ] [com.example.demo.DemoApplication                  ] - Started DemoApplication in 6.647 seconds (JVM running for 7.314) 
[2022/10/07 21:05:24 ] [INFO  ] [http-nio-8070-exec-1     ] [org.apache.catalina.core.ContainerBase.[Tomcat].[localhost].[/]] - Initializing Spring DispatcherServlet 'dispatcherServlet' 
[2022/10/07 21:05:24 ] [INFO  ] [http-nio-8070-exec-1     ] [org.springframework.web.servlet.DispatcherServlet ] - Initializing Servlet 'dispatcherServlet' 
[2022/10/07 21:05:24 ] [INFO  ] [http-nio-8070-exec-1     ] [org.springframework.web.servlet.DispatcherServlet ] - Completed initialization in 1 ms 
[2022/10/07 21:05:25 ] [DEBUG ] [http-nio-8070-exec-1     ] [org.springframework.web.client.RestTemplate       ] - HTTP GET https://maps.googleapis.com/maps/api/place/nearbysearch/json?location=40.9468928,29.1274752&radius=1500&key=AIzaSyDEO88Kp_sPinbcTiJXrmmb089oLxtqC0E 
[2022/10/07 21:05:25 ] [DEBUG ] [http-nio-8070-exec-1     ] [org.springframework.web.client.RestTemplate       ] - Accept=[text/plain, application/json, application/*+json, */*] 
[2022/10/07 21:05:25 ] [DEBUG ] [http-nio-8070-exec-1     ] [org.springframework.web.client.RestTemplate       ] - Response 200 OK 
[2022/10/07 21:05:25 ] [DEBUG ] [http-nio-8070-exec-1     ] [org.springframework.web.client.RestTemplate       ] - Reading to [java.lang.String] as "application/json;charset=UTF-8" 
[2022/10/07 21:06:40 ] [INFO  ] [main                     ] [com.example.demo.DemoApplication                  ] - Starting DemoApplication using Java 17.0.4.1 on TRDGLD3J3 with PID 22160 (C:\Users\orhana\Desktop\demo1\FindPlaces\FindPlaces\target\classes started by orhana in C:\Users\orhana\Desktop\demo1\FindPlaces\FindPlaces) 
[2022/10/07 21:06:40 ] [INFO  ] [main                     ] [com.example.demo.DemoApplication                  ] - No active profile set, falling back to 1 default profile: "default" 
[2022/10/07 21:06:41 ] [INFO  ] [main                     ] [org.springframework.data.repository.config.RepositoryConfigurationDelegate] - Bootstrapping Spring Data JPA repositories in DEFAULT mode. 
[2022/10/07 21:06:41 ] [INFO  ] [main                     ] [org.springframework.data.repository.config.RepositoryConfigurationDelegate] - Finished Spring Data repository scanning in 64 ms. Found 1 JPA repository interfaces. 
[2022/10/07 21:06:42 ] [INFO  ] [main                     ] [org.springframework.boot.web.embedded.tomcat.TomcatWebServer] - Tomcat initialized with port(s): 8070 (http) 
[2022/10/07 21:06:42 ] [INFO  ] [main                     ] [org.apache.coyote.http11.Http11NioProtocol        ] - Initializing ProtocolHandler ["http-nio-8070"] 
[2022/10/07 21:06:42 ] [INFO  ] [main                     ] [org.apache.catalina.core.StandardService          ] - Starting service [Tomcat] 
[2022/10/07 21:06:42 ] [INFO  ] [main                     ] [org.apache.catalina.core.StandardEngine           ] - Starting Servlet engine: [Apache Tomcat/9.0.65] 
[2022/10/07 21:06:42 ] [INFO  ] [main                     ] [org.apache.catalina.core.ContainerBase.[Tomcat].[localhost].[/]] - Initializing Spring embedded WebApplicationContext 
[2022/10/07 21:06:42 ] [INFO  ] [main                     ] [org.springframework.boot.web.servlet.context.ServletWebServerApplicationContext] - Root WebApplicationContext: initialization completed in 1668 ms 
[2022/10/07 21:06:42 ] [INFO  ] [main                     ] [com.zaxxer.hikari.HikariDataSource                ] - HikariPool-1 - Starting... 
[2022/10/07 21:06:42 ] [INFO  ] [main                     ] [com.zaxxer.hikari.HikariDataSource                ] - HikariPool-1 - Start completed. 
[2022/10/07 21:06:42 ] [INFO  ] [main                     ] [org.springframework.boot.autoconfigure.h2.H2ConsoleAutoConfiguration] - H2 console available at '/h2-ui'. Database available at 'jdbc:h2:mem:Locationdb' 
[2022/10/07 21:06:42 ] [INFO  ] [main                     ] [org.hibernate.jpa.internal.util.LogHelper         ] - HHH000204: Processing PersistenceUnitInfo [name: default] 
[2022/10/07 21:06:43 ] [INFO  ] [main                     ] [org.hibernate.Version                             ] - HHH000412: Hibernate ORM core version 5.6.11.Final 
[2022/10/07 21:06:43 ] [INFO  ] [main                     ] [org.hibernate.annotations.common.Version          ] - HCANN000001: Hibernate Commons Annotations {5.1.2.Final} 
[2022/10/07 21:06:43 ] [INFO  ] [main                     ] [org.hibernate.dialect.Dialect                     ] - HHH000400: Using dialect: org.hibernate.dialect.H2Dialect 
[2022/10/07 21:06:44 ] [INFO  ] [main                     ] [org.hibernate.engine.transaction.jta.platform.internal.JtaPlatformInitiator] - HHH000490: Using JtaPlatform implementation: [org.hibernate.engine.transaction.jta.platform.internal.NoJtaPlatform] 
[2022/10/07 21:06:44 ] [INFO  ] [main                     ] [org.springframework.orm.jpa.LocalContainerEntityManagerFactoryBean] - Initialized JPA EntityManagerFactory for persistence unit 'default' 
[2022/10/07 21:06:44 ] [INFO  ] [main                     ] [org.springframework.security.web.DefaultSecurityFilterChain] - Will secure any request with [org.springframework.security.web.session.DisableEncodeUrlFilter@6a013bdd, org.springframework.security.web.context.request.async.WebAsyncManagerIntegrationFilter@5e0bba2f, org.springframework.security.web.context.SecurityContextPersistenceFilter@2648aa1b, org.springframework.security.web.header.HeaderWriterFilter@1958524b, org.springframework.security.web.authentication.logout.LogoutFilter@57a0c261, org.springframework.security.web.authentication.www.BasicAuthenticationFilter@452e2210, org.springframework.security.web.savedrequest.RequestCacheAwareFilter@13b4ee4e, org.springframework.security.web.servletapi.SecurityContextHolderAwareRequestFilter@4f55a864, org.springframework.security.web.authentication.AnonymousAuthenticationFilter@41d53813, org.springframework.security.web.session.SessionManagementFilter@69c0bae6, org.springframework.security.web.access.ExceptionTranslationFilter@39a30d1a, org.springframework.security.web.access.intercept.FilterSecurityInterceptor@4714f447] 
[2022/10/07 21:06:46 ] [INFO  ] [main                     ] [org.apache.coyote.http11.Http11NioProtocol        ] - Starting ProtocolHandler ["http-nio-8070"] 
[2022/10/07 21:06:46 ] [INFO  ] [main                     ] [org.springframework.boot.web.embedded.tomcat.TomcatWebServer] - Tomcat started on port(s): 8070 (http) with context path '' 
[2022/10/07 21:06:46 ] [INFO  ] [main                     ] [com.example.demo.DemoApplication                  ] - Started DemoApplication in 6.185 seconds (JVM running for 6.688) 
[2022/10/07 21:06:48 ] [INFO  ] [http-nio-8070-exec-3     ] [org.apache.catalina.core.ContainerBase.[Tomcat].[localhost].[/]] - Initializing Spring DispatcherServlet 'dispatcherServlet' 
[2022/10/07 21:06:48 ] [INFO  ] [http-nio-8070-exec-3     ] [org.springframework.web.servlet.DispatcherServlet ] - Initializing Servlet 'dispatcherServlet' 
[2022/10/07 21:06:48 ] [INFO  ] [http-nio-8070-exec-3     ] [org.springframework.web.servlet.DispatcherServlet ] - Completed initialization in 1 ms 
[2022/10/07 21:06:48 ] [DEBUG ] [http-nio-8070-exec-3     ] [org.springframework.web.client.RestTemplate       ] - HTTP GET https://maps.googleapis.com/maps/api/place/nearbysearch/json?location=40.9468928,29.1274752&radius=1500&key=AIzaSyDEO88Kp_sPinbcTiJXrmmb089oLxtqC0E 
[2022/10/07 21:06:48 ] [DEBUG ] [http-nio-8070-exec-3     ] [org.springframework.web.client.RestTemplate       ] - Accept=[text/plain, application/json, application/*+json, */*] 
[2022/10/07 21:06:49 ] [DEBUG ] [http-nio-8070-exec-3     ] [org.springframework.web.client.RestTemplate       ] - Response 200 OK 
[2022/10/07 21:06:49 ] [DEBUG ] [http-nio-8070-exec-3     ] [org.springframework.web.client.RestTemplate       ] - Reading to [java.lang.String] as "application/json;charset=UTF-8" 
[2022/10/07 21:09:50 ] [INFO  ] [main                     ] [com.example.demo.DemoApplication                  ] - Starting DemoApplication using Java 17.0.4.1 on TRDGLD3J3 with PID 21956 (C:\Users\orhana\Desktop\demo1\FindPlaces\FindPlaces\target\classes started by orhana in C:\Users\orhana\Desktop\demo1\FindPlaces\FindPlaces) 
[2022/10/07 21:09:50 ] [INFO  ] [main                     ] [com.example.demo.DemoApplication                  ] - No active profile set, falling back to 1 default profile: "default" 
[2022/10/07 21:09:51 ] [INFO  ] [main                     ] [org.springframework.data.repository.config.RepositoryConfigurationDelegate] - Bootstrapping Spring Data JPA repositories in DEFAULT mode. 
[2022/10/07 21:09:51 ] [INFO  ] [main                     ] [org.springframework.data.repository.config.RepositoryConfigurationDelegate] - Finished Spring Data repository scanning in 53 ms. Found 1 JPA repository interfaces. 
[2022/10/07 21:09:52 ] [INFO  ] [main                     ] [org.springframework.boot.web.embedded.tomcat.TomcatWebServer] - Tomcat initialized with port(s): 8070 (http) 
[2022/10/07 21:09:52 ] [INFO  ] [main                     ] [org.apache.coyote.http11.Http11NioProtocol        ] - Initializing ProtocolHandler ["http-nio-8070"] 
[2022/10/07 21:09:52 ] [INFO  ] [main                     ] [org.apache.catalina.core.StandardService          ] - Starting service [Tomcat] 
[2022/10/07 21:09:52 ] [INFO  ] [main                     ] [org.apache.catalina.core.StandardEngine           ] - Starting Servlet engine: [Apache Tomcat/9.0.65] 
[2022/10/07 21:09:52 ] [INFO  ] [main                     ] [org.apache.catalina.core.ContainerBase.[Tomcat].[localhost].[/]] - Initializing Spring embedded WebApplicationContext 
[2022/10/07 21:09:52 ] [INFO  ] [main                     ] [org.springframework.boot.web.servlet.context.ServletWebServerApplicationContext] - Root WebApplicationContext: initialization completed in 1829 ms 
[2022/10/07 21:09:52 ] [INFO  ] [main                     ] [com.zaxxer.hikari.HikariDataSource                ] - HikariPool-1 - Starting... 
[2022/10/07 21:09:52 ] [INFO  ] [main                     ] [com.zaxxer.hikari.HikariDataSource                ] - HikariPool-1 - Start completed. 
[2022/10/07 21:09:52 ] [INFO  ] [main                     ] [org.springframework.boot.autoconfigure.h2.H2ConsoleAutoConfiguration] - H2 console available at '/h2-ui'. Database available at 'jdbc:h2:mem:Locationdb' 
[2022/10/07 21:09:53 ] [INFO  ] [main                     ] [org.hibernate.jpa.internal.util.LogHelper         ] - HHH000204: Processing PersistenceUnitInfo [name: default] 
[2022/10/07 21:09:53 ] [INFO  ] [main                     ] [org.hibernate.Version                             ] - HHH000412: Hibernate ORM core version 5.6.11.Final 
[2022/10/07 21:09:53 ] [INFO  ] [main                     ] [org.hibernate.annotations.common.Version          ] - HCANN000001: Hibernate Commons Annotations {5.1.2.Final} 
[2022/10/07 21:09:53 ] [INFO  ] [main                     ] [org.hibernate.dialect.Dialect                     ] - HHH000400: Using dialect: org.hibernate.dialect.H2Dialect 
[2022/10/07 21:09:54 ] [INFO  ] [main                     ] [org.hibernate.engine.transaction.jta.platform.internal.JtaPlatformInitiator] - HHH000490: Using JtaPlatform implementation: [org.hibernate.engine.transaction.jta.platform.internal.NoJtaPlatform] 
[2022/10/07 21:09:54 ] [INFO  ] [main                     ] [org.springframework.orm.jpa.LocalContainerEntityManagerFactoryBean] - Initialized JPA EntityManagerFactory for persistence unit 'default' 
[2022/10/07 21:09:54 ] [INFO  ] [main                     ] [org.springframework.security.web.DefaultSecurityFilterChain] - Will secure any request with [org.springframework.security.web.session.DisableEncodeUrlFilter@28ceb25e, org.springframework.security.web.context.request.async.WebAsyncManagerIntegrationFilter@2e09e367, org.springframework.security.web.context.SecurityContextPersistenceFilter@20a25f66, org.springframework.security.web.header.HeaderWriterFilter@7fce1069, org.springframework.security.web.authentication.logout.LogoutFilter@4023d23f, org.springframework.security.web.authentication.www.BasicAuthenticationFilter@43a8bd35, org.springframework.security.web.savedrequest.RequestCacheAwareFilter@27575bcd, org.springframework.security.web.servletapi.SecurityContextHolderAwareRequestFilter@21ed4a51, org.springframework.security.web.authentication.AnonymousAuthenticationFilter@518a7b8a, org.springframework.security.web.session.SessionManagementFilter@19de32cb, org.springframework.security.web.access.ExceptionTranslationFilter@4edde05c, org.springframework.security.web.access.intercept.FilterSecurityInterceptor@41d53813] 
[2022/10/07 21:09:56 ] [INFO  ] [main                     ] [org.apache.coyote.http11.Http11NioProtocol        ] - Starting ProtocolHandler ["http-nio-8070"] 
[2022/10/07 21:09:56 ] [INFO  ] [main                     ] [org.springframework.boot.web.embedded.tomcat.TomcatWebServer] - Tomcat started on port(s): 8070 (http) with context path '' 
[2022/10/07 21:09:56 ] [INFO  ] [main                     ] [com.example.demo.DemoApplication                  ] - Started DemoApplication in 6.037 seconds (JVM running for 6.754) 
[2022/10/07 21:10:11 ] [INFO  ] [http-nio-8070-exec-1     ] [org.apache.catalina.core.ContainerBase.[Tomcat].[localhost].[/]] - Initializing Spring DispatcherServlet 'dispatcherServlet' 
[2022/10/07 21:10:11 ] [INFO  ] [http-nio-8070-exec-1     ] [org.springframework.web.servlet.DispatcherServlet ] - Initializing Servlet 'dispatcherServlet' 
[2022/10/07 21:10:11 ] [INFO  ] [http-nio-8070-exec-1     ] [org.springframework.web.servlet.DispatcherServlet ] - Completed initialization in 2 ms 
[2022/10/07 21:10:12 ] [DEBUG ] [http-nio-8070-exec-1     ] [org.springframework.web.client.RestTemplate       ] - HTTP GET https://maps.googleapis.com/maps/api/place/nearbysearch/json?location=40.9468928,29.1274752&radius=1500&key=AIzaSyDEO88Kp_sPinbcTiJXrmmb089oLxtqC0E 
[2022/10/07 21:10:12 ] [DEBUG ] [http-nio-8070-exec-1     ] [org.springframework.web.client.RestTemplate       ] - Accept=[text/plain, application/json, application/*+json, */*] 
[2022/10/07 21:10:13 ] [DEBUG ] [http-nio-8070-exec-1     ] [org.springframework.web.client.RestTemplate       ] - Response 200 OK 
[2022/10/07 21:10:13 ] [DEBUG ] [http-nio-8070-exec-1     ] [org.springframework.web.client.RestTemplate       ] - Reading to [java.lang.String] as "application/json;charset=UTF-8" 
[2022/10/07 21:11:08 ] [INFO  ] [main                     ] [com.example.demo.DemoApplication                  ] - Starting DemoApplication using Java 17.0.4.1 on TRDGLD3J3 with PID 11924 (C:\Users\orhana\Desktop\demo1\FindPlaces\FindPlaces\target\classes started by orhana in C:\Users\orhana\Desktop\demo1\FindPlaces\FindPlaces) 
[2022/10/07 21:11:08 ] [INFO  ] [main                     ] [com.example.demo.DemoApplication                  ] - No active profile set, falling back to 1 default profile: "default" 
[2022/10/07 21:11:09 ] [INFO  ] [main                     ] [org.springframework.data.repository.config.RepositoryConfigurationDelegate] - Bootstrapping Spring Data JPA repositories in DEFAULT mode. 
[2022/10/07 21:11:09 ] [INFO  ] [main                     ] [org.springframework.data.repository.config.RepositoryConfigurationDelegate] - Finished Spring Data repository scanning in 67 ms. Found 1 JPA repository interfaces. 
[2022/10/07 21:11:10 ] [INFO  ] [main                     ] [org.springframework.boot.web.embedded.tomcat.TomcatWebServer] - Tomcat initialized with port(s): 8070 (http) 
[2022/10/07 21:11:10 ] [INFO  ] [main                     ] [org.apache.coyote.http11.Http11NioProtocol        ] - Initializing ProtocolHandler ["http-nio-8070"] 
[2022/10/07 21:11:10 ] [INFO  ] [main                     ] [org.apache.catalina.core.StandardService          ] - Starting service [Tomcat] 
[2022/10/07 21:11:10 ] [INFO  ] [main                     ] [org.apache.catalina.core.StandardEngine           ] - Starting Servlet engine: [Apache Tomcat/9.0.65] 
[2022/10/07 21:11:10 ] [INFO  ] [main                     ] [org.apache.catalina.core.ContainerBase.[Tomcat].[localhost].[/]] - Initializing Spring embedded WebApplicationContext 
[2022/10/07 21:11:10 ] [INFO  ] [main                     ] [org.springframework.boot.web.servlet.context.ServletWebServerApplicationContext] - Root WebApplicationContext: initialization completed in 2016 ms 
[2022/10/07 21:11:10 ] [INFO  ] [main                     ] [com.zaxxer.hikari.HikariDataSource                ] - HikariPool-1 - Starting... 
[2022/10/07 21:11:10 ] [INFO  ] [main                     ] [com.zaxxer.hikari.HikariDataSource                ] - HikariPool-1 - Start completed. 
[2022/10/07 21:11:10 ] [INFO  ] [main                     ] [org.springframework.boot.autoconfigure.h2.H2ConsoleAutoConfiguration] - H2 console available at '/h2-ui'. Database available at 'jdbc:h2:mem:Locationdb' 
[2022/10/07 21:11:10 ] [INFO  ] [main                     ] [org.hibernate.jpa.internal.util.LogHelper         ] - HHH000204: Processing PersistenceUnitInfo [name: default] 
[2022/10/07 21:11:10 ] [INFO  ] [main                     ] [org.hibernate.Version                             ] - HHH000412: Hibernate ORM core version 5.6.11.Final 
[2022/10/07 21:11:11 ] [INFO  ] [main                     ] [org.hibernate.annotations.common.Version          ] - HCANN000001: Hibernate Commons Annotations {5.1.2.Final} 
[2022/10/07 21:11:11 ] [INFO  ] [main                     ] [org.hibernate.dialect.Dialect                     ] - HHH000400: Using dialect: org.hibernate.dialect.H2Dialect 
[2022/10/07 21:11:11 ] [INFO  ] [main                     ] [org.hibernate.engine.transaction.jta.platform.internal.JtaPlatformInitiator] - HHH000490: Using JtaPlatform implementation: [org.hibernate.engine.transaction.jta.platform.internal.NoJtaPlatform] 
[2022/10/07 21:11:11 ] [INFO  ] [main                     ] [org.springframework.orm.jpa.LocalContainerEntityManagerFactoryBean] - Initialized JPA EntityManagerFactory for persistence unit 'default' 
[2022/10/07 21:11:12 ] [INFO  ] [main                     ] [org.springframework.security.web.DefaultSecurityFilterChain] - Will secure any request with [org.springframework.security.web.session.DisableEncodeUrlFilter@684f7f1c, org.springframework.security.web.context.request.async.WebAsyncManagerIntegrationFilter@6a013bdd, org.springframework.security.web.context.SecurityContextPersistenceFilter@5eb041b5, org.springframework.security.web.header.HeaderWriterFilter@670ae31f, org.springframework.security.web.authentication.logout.LogoutFilter@70cac22a, org.springframework.security.web.authentication.www.BasicAuthenticationFilter@15a2fddd, org.springframework.security.web.savedrequest.RequestCacheAwareFilter@4a3333be, org.springframework.security.web.servletapi.SecurityContextHolderAwareRequestFilter@13b4ee4e, org.springframework.security.web.authentication.AnonymousAuthenticationFilter@5e0bba2f, org.springframework.security.web.session.SessionManagementFilter@5d84b088, org.springframework.security.web.access.ExceptionTranslationFilter@669daa93, org.springframework.security.web.access.intercept.FilterSecurityInterceptor@54ed249f] 
[2022/10/07 21:11:14 ] [INFO  ] [main                     ] [org.apache.coyote.http11.Http11NioProtocol        ] - Starting ProtocolHandler ["http-nio-8070"] 
[2022/10/07 21:11:14 ] [INFO  ] [main                     ] [org.springframework.boot.web.embedded.tomcat.TomcatWebServer] - Tomcat started on port(s): 8070 (http) with context path '' 
[2022/10/07 21:11:14 ] [INFO  ] [main                     ] [com.example.demo.DemoApplication                  ] - Started DemoApplication in 6.483 seconds (JVM running for 7.044) 
[2022/10/07 21:11:16 ] [INFO  ] [http-nio-8070-exec-2     ] [org.apache.catalina.core.ContainerBase.[Tomcat].[localhost].[/]] - Initializing Spring DispatcherServlet 'dispatcherServlet' 
[2022/10/07 21:11:16 ] [INFO  ] [http-nio-8070-exec-2     ] [org.springframework.web.servlet.DispatcherServlet ] - Initializing Servlet 'dispatcherServlet' 
[2022/10/07 21:11:16 ] [INFO  ] [http-nio-8070-exec-2     ] [org.springframework.web.servlet.DispatcherServlet ] - Completed initialization in 1 ms 
[2022/10/07 21:11:17 ] [DEBUG ] [http-nio-8070-exec-2     ] [org.springframework.web.client.RestTemplate       ] - HTTP GET https://maps.googleapis.com/maps/api/place/nearbysearch/json?location=40.9468928,29.1274752&radius=1500&key=AIzaSyDEO88Kp_sPinbcTiJXrmmb089oLxtqC0E 
[2022/10/07 21:11:17 ] [DEBUG ] [http-nio-8070-exec-2     ] [org.springframework.web.client.RestTemplate       ] - Accept=[text/plain, application/json, application/*+json, */*] 
[2022/10/07 21:11:17 ] [DEBUG ] [http-nio-8070-exec-2     ] [org.springframework.web.client.RestTemplate       ] - Response 200 OK 
[2022/10/07 21:11:17 ] [DEBUG ] [http-nio-8070-exec-2     ] [org.springframework.web.client.RestTemplate       ] - Reading to [java.lang.String] as "application/json;charset=UTF-8" 
[2022/10/07 21:12:19 ] [INFO  ] [main                     ] [com.example.demo.DemoApplication                  ] - Starting DemoApplication using Java 17.0.4.1 on TRDGLD3J3 with PID 25400 (C:\Users\orhana\Desktop\demo1\FindPlaces\FindPlaces\target\classes started by orhana in C:\Users\orhana\Desktop\demo1\FindPlaces\FindPlaces) 
[2022/10/07 21:12:19 ] [INFO  ] [main                     ] [com.example.demo.DemoApplication                  ] - No active profile set, falling back to 1 default profile: "default" 
[2022/10/07 21:12:20 ] [INFO  ] [main                     ] [org.springframework.data.repository.config.RepositoryConfigurationDelegate] - Bootstrapping Spring Data JPA repositories in DEFAULT mode. 
[2022/10/07 21:12:20 ] [INFO  ] [main                     ] [org.springframework.data.repository.config.RepositoryConfigurationDelegate] - Finished Spring Data repository scanning in 59 ms. Found 1 JPA repository interfaces. 
[2022/10/07 21:12:21 ] [INFO  ] [main                     ] [org.springframework.boot.web.embedded.tomcat.TomcatWebServer] - Tomcat initialized with port(s): 8080 (http) 
[2022/10/07 21:12:21 ] [INFO  ] [main                     ] [org.apache.coyote.http11.Http11NioProtocol        ] - Initializing ProtocolHandler ["http-nio-8080"] 
[2022/10/07 21:12:21 ] [INFO  ] [main                     ] [org.apache.catalina.core.StandardService          ] - Starting service [Tomcat] 
[2022/10/07 21:12:21 ] [INFO  ] [main                     ] [org.apache.catalina.core.StandardEngine           ] - Starting Servlet engine: [Apache Tomcat/9.0.65] 
[2022/10/07 21:12:22 ] [INFO  ] [main                     ] [org.apache.catalina.core.ContainerBase.[Tomcat].[localhost].[/]] - Initializing Spring embedded WebApplicationContext 
[2022/10/07 21:12:22 ] [INFO  ] [main                     ] [org.springframework.boot.web.servlet.context.ServletWebServerApplicationContext] - Root WebApplicationContext: initialization completed in 2987 ms 
[2022/10/07 21:12:22 ] [INFO  ] [main                     ] [com.zaxxer.hikari.HikariDataSource                ] - HikariPool-1 - Starting... 
[2022/10/07 21:12:22 ] [INFO  ] [main                     ] [com.zaxxer.hikari.HikariDataSource                ] - HikariPool-1 - Start completed. 
[2022/10/07 21:12:22 ] [INFO  ] [main                     ] [org.springframework.boot.autoconfigure.h2.H2ConsoleAutoConfiguration] - H2 console available at '/h2-ui'. Database available at 'jdbc:h2:mem:Locationdb' 
[2022/10/07 21:12:23 ] [INFO  ] [main                     ] [org.hibernate.jpa.internal.util.LogHelper         ] - HHH000204: Processing PersistenceUnitInfo [name: default] 
[2022/10/07 21:12:23 ] [INFO  ] [main                     ] [org.hibernate.Version                             ] - HHH000412: Hibernate ORM core version 5.6.11.Final 
[2022/10/07 21:12:23 ] [INFO  ] [main                     ] [org.hibernate.annotations.common.Version          ] - HCANN000001: Hibernate Commons Annotations {5.1.2.Final} 
[2022/10/07 21:12:24 ] [INFO  ] [main                     ] [org.hibernate.dialect.Dialect                     ] - HHH000400: Using dialect: org.hibernate.dialect.H2Dialect 
[2022/10/07 21:12:24 ] [INFO  ] [main                     ] [org.hibernate.engine.transaction.jta.platform.internal.JtaPlatformInitiator] - HHH000490: Using JtaPlatform implementation: [org.hibernate.engine.transaction.jta.platform.internal.NoJtaPlatform] 
[2022/10/07 21:12:24 ] [INFO  ] [main                     ] [org.springframework.orm.jpa.LocalContainerEntityManagerFactoryBean] - Initialized JPA EntityManagerFactory for persistence unit 'default' 
[2022/10/07 21:12:25 ] [INFO  ] [main                     ] [org.springframework.security.web.DefaultSecurityFilterChain] - Will secure any request with [org.springframework.security.web.session.DisableEncodeUrlFilter@43a8bd35, org.springframework.security.web.context.request.async.WebAsyncManagerIntegrationFilter@6fb219dd, org.springframework.security.web.context.SecurityContextPersistenceFilter@19de32cb, org.springframework.security.web.header.HeaderWriterFilter@fb42c1c, org.springframework.security.web.authentication.logout.LogoutFilter@558aa1f1, org.springframework.security.web.authentication.www.BasicAuthenticationFilter@3922b297, org.springframework.security.web.savedrequest.RequestCacheAwareFilter@10b2c1cf, org.springframework.security.web.servletapi.SecurityContextHolderAwareRequestFilter@20a25f66, org.springframework.security.web.authentication.AnonymousAuthenticationFilter@570b85dd, org.springframework.security.web.session.SessionManagementFilter@57e6d56a, org.springframework.security.web.access.ExceptionTranslationFilter@5ca7619f, org.springframework.security.web.access.intercept.FilterSecurityInterceptor@684f7f1c] 
[2022/10/07 21:12:26 ] [INFO  ] [main                     ] [org.apache.coyote.http11.Http11NioProtocol        ] - Starting ProtocolHandler ["http-nio-8080"] 
[2022/10/07 21:12:27 ] [INFO  ] [main                     ] [org.springframework.boot.web.embedded.tomcat.TomcatWebServer] - Tomcat started on port(s): 8080 (http) with context path '' 
[2022/10/07 21:12:27 ] [INFO  ] [main                     ] [com.example.demo.DemoApplication                  ] - Started DemoApplication in 8.534 seconds (JVM running for 9.367) 
[2022/10/07 21:12:27 ] [INFO  ] [http-nio-8080-exec-5     ] [org.apache.catalina.core.ContainerBase.[Tomcat].[localhost].[/]] - Initializing Spring DispatcherServlet 'dispatcherServlet' 
[2022/10/07 21:12:27 ] [INFO  ] [http-nio-8080-exec-5     ] [org.springframework.web.servlet.DispatcherServlet ] - Initializing Servlet 'dispatcherServlet' 
[2022/10/07 21:12:27 ] [INFO  ] [http-nio-8080-exec-5     ] [org.springframework.web.servlet.DispatcherServlet ] - Completed initialization in 1 ms 
[2022/10/07 21:12:27 ] [DEBUG ] [http-nio-8080-exec-5     ] [org.springframework.web.client.RestTemplate       ] - HTTP GET https://maps.googleapis.com/maps/api/place/nearbysearch/json?location=40.9468928,29.1274752&radius=1500&key=AIzaSyDEO88Kp_sPinbcTiJXrmmb089oLxtqC0E 
[2022/10/07 21:12:27 ] [DEBUG ] [http-nio-8080-exec-5     ] [org.springframework.web.client.RestTemplate       ] - Accept=[text/plain, application/json, application/*+json, */*] 
[2022/10/07 21:12:28 ] [DEBUG ] [http-nio-8080-exec-5     ] [org.springframework.web.client.RestTemplate       ] - Response 200 OK 
[2022/10/07 21:12:28 ] [DEBUG ] [http-nio-8080-exec-5     ] [org.springframework.web.client.RestTemplate       ] - Reading to [java.lang.String] as "application/json;charset=UTF-8" 
