[2022/10/06 15:15:10 ] [INFO  ] [main                     ] [com.example.demo.DemoApplication                  ] - Starting DemoApplication using Java 17.0.4.1 on TRDGLD3J3 with PID 6428 (C:\Users\orhana\Desktop\demo1\demo\demo\target\classes started by orhana in C:\Users\orhana\Desktop\demo1\demo) 
[2022/10/06 15:15:10 ] [INFO  ] [main                     ] [com.example.demo.DemoApplication                  ] - No active profile set, falling back to 1 default profile: "default" 
[2022/10/06 15:15:12 ] [INFO  ] [main                     ] [org.springframework.data.repository.config.RepositoryConfigurationDelegate] - Bootstrapping Spring Data JPA repositories in DEFAULT mode. 
[2022/10/06 15:15:12 ] [INFO  ] [main                     ] [org.springframework.data.repository.config.RepositoryConfigurationDelegate] - Finished Spring Data repository scanning in 66 ms. Found 1 JPA repository interfaces. 
[2022/10/06 15:15:12 ] [INFO  ] [main                     ] [org.springframework.boot.web.embedded.tomcat.TomcatWebServer] - Tomcat initialized with port(s): 8070 (http) 
[2022/10/06 15:15:12 ] [INFO  ] [main                     ] [org.apache.coyote.http11.Http11NioProtocol        ] - Initializing ProtocolHandler ["http-nio-8070"] 
[2022/10/06 15:15:12 ] [INFO  ] [main                     ] [org.apache.catalina.core.StandardService          ] - Starting service [Tomcat] 
[2022/10/06 15:15:12 ] [INFO  ] [main                     ] [org.apache.catalina.core.StandardEngine           ] - Starting Servlet engine: [Apache Tomcat/9.0.65] 
[2022/10/06 15:15:13 ] [INFO  ] [main                     ] [org.apache.catalina.core.ContainerBase.[Tomcat].[localhost].[/]] - Initializing Spring embedded WebApplicationContext 
[2022/10/06 15:15:13 ] [INFO  ] [main                     ] [org.springframework.boot.web.servlet.context.ServletWebServerApplicationContext] - Root WebApplicationContext: initialization completed in 2152 ms 
[2022/10/06 15:15:13 ] [INFO  ] [main                     ] [com.zaxxer.hikari.HikariDataSource                ] - HikariPool-1 - Starting... 
[2022/10/06 15:15:13 ] [INFO  ] [main                     ] [com.zaxxer.hikari.HikariDataSource                ] - HikariPool-1 - Start completed. 
[2022/10/06 15:15:13 ] [INFO  ] [main                     ] [org.springframework.boot.autoconfigure.h2.H2ConsoleAutoConfiguration] - H2 console available at '/h2-ui'. Database available at 'jdbc:h2:mem:Locationdb' 
[2022/10/06 15:15:13 ] [INFO  ] [main                     ] [org.hibernate.jpa.internal.util.LogHelper         ] - HHH000204: Processing PersistenceUnitInfo [name: default] 
[2022/10/06 15:15:13 ] [INFO  ] [main                     ] [org.hibernate.Version                             ] - HHH000412: Hibernate ORM core version 5.6.11.Final 
[2022/10/06 15:15:14 ] [INFO  ] [main                     ] [org.hibernate.annotations.common.Version          ] - HCANN000001: Hibernate Commons Annotations {5.1.2.Final} 
[2022/10/06 15:15:14 ] [INFO  ] [main                     ] [org.hibernate.dialect.Dialect                     ] - HHH000400: Using dialect: org.hibernate.dialect.H2Dialect 
[2022/10/06 15:15:14 ] [INFO  ] [main                     ] [org.hibernate.engine.transaction.jta.platform.internal.JtaPlatformInitiator] - HHH000490: Using JtaPlatform implementation: [org.hibernate.engine.transaction.jta.platform.internal.NoJtaPlatform] 
[2022/10/06 15:15:14 ] [INFO  ] [main                     ] [org.springframework.orm.jpa.LocalContainerEntityManagerFactoryBean] - Initialized JPA EntityManagerFactory for persistence unit 'default' 
[2022/10/06 15:15:17 ] [INFO  ] [main                     ] [org.apache.coyote.http11.Http11NioProtocol        ] - Starting ProtocolHandler ["http-nio-8070"] 
[2022/10/06 15:15:17 ] [INFO  ] [main                     ] [org.springframework.boot.web.embedded.tomcat.TomcatWebServer] - Tomcat started on port(s): 8070 (http) with context path '' 
[2022/10/06 15:15:17 ] [INFO  ] [main                     ] [com.example.demo.DemoApplication                  ] - Started DemoApplication in 7.665 seconds (JVM running for 8.601) 
[2022/10/06 15:15:28 ] [INFO  ] [http-nio-8070-exec-2     ] [org.apache.catalina.core.ContainerBase.[Tomcat].[localhost].[/]] - Initializing Spring DispatcherServlet 'dispatcherServlet' 
[2022/10/06 15:15:28 ] [INFO  ] [http-nio-8070-exec-2     ] [org.springframework.web.servlet.DispatcherServlet ] - Initializing Servlet 'dispatcherServlet' 
[2022/10/06 15:15:28 ] [INFO  ] [http-nio-8070-exec-2     ] [org.springframework.web.servlet.DispatcherServlet ] - Completed initialization in 1 ms 
[2022/10/06 15:15:28 ] [DEBUG ] [http-nio-8070-exec-2     ] [org.springframework.web.client.RestTemplate       ] - HTTP GET https://maps.googleapis.com/maps/api/place/nearbysearch/json?location=40.9468928,29.1274752&radius=1500&key=AIzaSyDEO88Kp_sPinbcTiJXrmmb089oLxtqC0E 
[2022/10/06 15:15:28 ] [DEBUG ] [http-nio-8070-exec-2     ] [org.springframework.web.client.RestTemplate       ] - Accept=[text/plain, application/json, application/*+json, */*] 
[2022/10/06 15:15:29 ] [DEBUG ] [http-nio-8070-exec-2     ] [org.springframework.web.client.RestTemplate       ] - Response 200 OK 
[2022/10/06 15:15:29 ] [DEBUG ] [http-nio-8070-exec-2     ] [org.springframework.web.client.RestTemplate       ] - Reading to [java.lang.String] as "application/json;charset=UTF-8" 
